<?xml version="1.0" encoding="UTF-8" ?>
<testsuite failures="0" time="0.012" errors="0" skipped="0" tests="19" name="com.oracle.tools.runtime.PropertiesBuilderTest">
  <properties>
    <property name="java.runtime.name" value="Java(TM) SE Runtime Environment"/>
    <property name="sun.boot.library.path" value="/System/Library/Java/JavaVirtualMachines/1.6.0.jdk/Contents/Libraries"/>
    <property name="java.vm.version" value="20.12-b01-434"/>
    <property name="awt.nativeDoubleBuffering" value="true"/>
    <property name="gopherProxySet" value="false"/>
    <property name="mrj.build" value="11M3909"/>
    <property name="java.vm.vendor" value="Apple Inc."/>
    <property name="java.vendor.url" value="http://www.apple.com/"/>
    <property name="path.separator" value=":"/>
    <property name="guice.disable.misplaced.annotation.check" value="true"/>
    <property name="java.vm.name" value="Java HotSpot(TM) 64-Bit Server VM"/>
    <property name="file.encoding.pkg" value="sun.io"/>
    <property name="user.country" value="US"/>
    <property name="sun.java.launcher" value="SUN_STANDARD"/>
    <property name="sun.os.patch.level" value="unknown"/>
    <property name="java.vm.specification.name" value="Java Virtual Machine Specification"/>
    <property name="user.dir" value="/Users/brianoliver/Workshop/github/oracle-tools"/>
    <property name="java.runtime.version" value="1.6.0_37-b06-434-11M3909"/>
    <property name="java.awt.graphicsenv" value="apple.awt.CGraphicsEnvironment"/>
    <property name="java.endorsed.dirs" value="/System/Library/Java/JavaVirtualMachines/1.6.0.jdk/Contents/Home/lib/endorsed"/>
    <property name="os.arch" value="x86_64"/>
    <property name="java.io.tmpdir" value="/var/folders/p4/glldtpdj1b55ff0j3z0g2y1h0000gn/T/"/>
    <property name="line.separator" value="
"/>
    <property name="java.vm.specification.vendor" value="Sun Microsystems Inc."/>
    <property name="os.name" value="Mac OS X"/>
    <property name="classworlds.conf" value="/Users/brianoliver/Workshop/applications/apache-maven-3.0.4/bin/m2.conf"/>
    <property name="sun.jnu.encoding" value="MacRoman"/>
    <property name="java.library.path" value=".:/Library/Java/Extensions:/System/Library/Java/Extensions:/usr/lib/java"/>
    <property name="java.specification.name" value="Java Platform API Specification"/>
    <property name="java.class.version" value="50.0"/>
    <property name="sun.management.compiler" value="HotSpot 64-Bit Tiered Compilers"/>
    <property name="os.version" value="10.8.2"/>
    <property name="http.nonProxyHosts" value="local|*.local|169.254/16|*.169.254/16|oracle.com|*.oracle.com"/>
    <property name="user.home" value="/Users/brianoliver"/>
    <property name="user.timezone" value="America/New_York"/>
    <property name="java.awt.printerjob" value="apple.awt.CPrinterJob"/>
    <property name="java.specification.version" value="1.6"/>
    <property name="file.encoding" value="MacRoman"/>
    <property name="user.name" value="brianoliver"/>
    <property name="java.class.path" value="/Users/brianoliver/Workshop/applications/apache-maven-3.0.4/boot/plexus-classworlds-2.4.jar"/>
    <property name="java.vm.specification.version" value="1.0"/>
    <property name="sun.arch.data.model" value="64"/>
    <property name="java.home" value="/System/Library/Java/JavaVirtualMachines/1.6.0.jdk/Contents/Home"/>
    <property name="sun.java.command" value="org.codehaus.plexus.classworlds.launcher.Launcher clean deploy"/>
    <property name="java.specification.vendor" value="Sun Microsystems Inc."/>
    <property name="user.language" value="en"/>
    <property name="awt.toolkit" value="apple.awt.CToolkit"/>
    <property name="java.vm.info" value="mixed mode"/>
    <property name="java.version" value="1.6.0_37"/>
    <property name="java.ext.dirs" value="/Library/Java/Extensions:/System/Library/Java/Extensions:/System/Library/Java/JavaVirtualMachines/1.6.0.jdk/Contents/Home/lib/ext"/>
    <property name="sun.boot.class.path" value="/System/Library/Java/JavaVirtualMachines/1.6.0.jdk/Contents/Classes/jsfd.jar:/System/Library/Java/JavaVirtualMachines/1.6.0.jdk/Contents/Classes/classes.jar:/System/Library/Frameworks/JavaVM.framework/Frameworks/JavaRuntimeSupport.framework/Resources/Java/JavaRuntimeSupport.jar:/System/Library/Java/JavaVirtualMachines/1.6.0.jdk/Contents/Classes/ui.jar:/System/Library/Java/JavaVirtualMachines/1.6.0.jdk/Contents/Classes/laf.jar:/System/Library/Java/JavaVirtualMachines/1.6.0.jdk/Contents/Classes/sunrsasign.jar:/System/Library/Java/JavaVirtualMachines/1.6.0.jdk/Contents/Classes/jsse.jar:/System/Library/Java/JavaVirtualMachines/1.6.0.jdk/Contents/Classes/jce.jar:/System/Library/Java/JavaVirtualMachines/1.6.0.jdk/Contents/Classes/charsets.jar"/>
    <property name="java.vendor" value="Apple Inc."/>
    <property name="maven.home" value="/Users/brianoliver/Workshop/applications/apache-maven-3.0.4"/>
    <property name="file.separator" value="/"/>
    <property name="java.vendor.url.bug" value="http://bugreport.apple.com/"/>
    <property name="sun.cpu.endian" value="little"/>
    <property name="sun.io.unicode.encoding" value="UnicodeLittle"/>
    <property name="mrj.version" value="1070.1.6.0_37-434"/>
    <property name="socksNonProxyHosts" value="local|*.local|169.254/16|*.169.254/16|oracle.com|*.oracle.com"/>
    <property name="ftp.nonProxyHosts" value="local|*.local|169.254/16|*.169.254/16|oracle.com|*.oracle.com"/>
    <property name="sun.cpu.isalist" value=""/>
  </properties>
  <testcase time="0.001" classname="com.oracle.tools.runtime.PropertiesBuilderTest" name="shouldDefaultToEmptyProperties"/>
  <testcase time="0" classname="com.oracle.tools.runtime.PropertiesBuilderTest" name="shouldUseMapOfValuesFromConstructor"/>
  <testcase time="0" classname="com.oracle.tools.runtime.PropertiesBuilderTest" name="shouldUsePropertiesFromConstructor"/>
  <testcase time="0" classname="com.oracle.tools.runtime.PropertiesBuilderTest" name="shouldUsePropertiesBuilderFromConstructor"/>
  <testcase time="0" classname="com.oracle.tools.runtime.PropertiesBuilderTest" name="shouldAddPropertiesBuilder"/>
  <testcase time="0" classname="com.oracle.tools.runtime.PropertiesBuilderTest" name="shouldClear"/>
  <testcase time="0" classname="com.oracle.tools.runtime.PropertiesBuilderTest" name="shouldContainProperty"/>
  <testcase time="0.002" classname="com.oracle.tools.runtime.PropertiesBuilderTest" name="shouldCopyEnvironment"/>
  <testcase time="0.001" classname="com.oracle.tools.runtime.PropertiesBuilderTest" name="shouldCopySystemProperties"/>
  <testcase time="0.001" classname="com.oracle.tools.runtime.PropertiesBuilderTest" name="shouldLoadFromPropertiesFile"/>
  <testcase time="0.001" classname="com.oracle.tools.runtime.PropertiesBuilderTest" name="shouldRealizeWithPropertiesBuilderOverrides"/>
  <testcase time="0" classname="com.oracle.tools.runtime.PropertiesBuilderTest" name="shouldUseIteratorForPropertyValue"/>
  <testcase time="0" classname="com.oracle.tools.runtime.PropertiesBuilderTest" name="shouldRemoveProperty"/>
  <testcase time="0" classname="com.oracle.tools.runtime.PropertiesBuilderTest" name="shouldSetPropertyFromObject"/>
  <testcase time="0.001" classname="com.oracle.tools.runtime.PropertiesBuilderTest" name="shouldReturnCorrectSize"/>
  <testcase time="0" classname="com.oracle.tools.runtime.PropertiesBuilderTest" name="shouldUseDefaultIfPropertyNotSet"/>
  <testcase time="0" classname="com.oracle.tools.runtime.PropertiesBuilderTest" name="shouldNotUseDefaultIfPropertySet"/>
  <testcase time="0" classname="com.oracle.tools.runtime.PropertiesBuilderTest" name="shouldUseDefaultIfPropertySetThenUnset"/>
  <testcase time="0" classname="com.oracle.tools.runtime.PropertiesBuilderTest" name="shouldUseDefaultIteratorProperty"/>
</testsuite>